<?xml version="1.0" encoding="UTF-8"?>
<!-- Generated by org.testng.reporters.JUnitReportReporter -->
<testsuite hostname="DESKTOP-VI31472" failures="0" tests="1" name="com.proyect.testcase.TestLogin" time="7.854" errors="0" timestamp="2023-08-06T19:02:21 ECT" skipped="0">
  <testcase classname="com.proyect.testcase.TestLogin" name="test" time="7.854"/>
</testsuite> <!-- com.proyect.testcase.TestLogin -->
