<?xml version="1.0" encoding="UTF-8"?>
<!-- Generated by org.testng.reporters.JUnitReportReporter -->
<testsuite hostname="DESKTOP-VI31472" failures="0" tests="1" name="com.proyect.testcase.TestLogin" time="8.044" errors="0" timestamp="2023-08-07T02:21:02 ECT" skipped="0">
  <testcase classname="com.proyect.testcase.TestLogin" name="test" time="8.044"/>
</testsuite> <!-- com.proyect.testcase.TestLogin -->
