<?xml version="1.0" encoding="UTF-8"?>
<!-- Generated by org.testng.reporters.JUnitReportReporter -->
<testsuite hostname="DESKTOP-VI31472" failures="0" tests="1" name="com.proyect.testcase.TestTransferenciaCuenta" time="13.411" errors="0" timestamp="2023-08-07T02:21:02 ECT" skipped="0">
  <testcase classname="com.proyect.testcase.TestTransferenciaCuenta" name="test" time="13.411"/>
</testsuite> <!-- com.proyect.testcase.TestTransferenciaCuenta -->
